<?xml version="1.0" encoding="UTF-8"?>
<!-- Generated by org.testng.reporters.JUnitReportReporter -->
<testsuite hostname="LAPTOP-UT546LQM" failures="0" tests="1" name="pnc.ProjectSat.InfyTest" time="49.158" errors="0" timestamp="2021-06-13T13:06:42 IST" skipped="0">
  <testcase classname="pnc.ProjectSat.InfyTest" name="f" time="49.158"/>
  <system-out/>
</testsuite> <!-- pnc.ProjectSat.InfyTest -->
